RECORD=-42|LINENO=   0|OWNERPARTID= -42|OWNERINDEX= -42|HEADER=Protel for Windows - Schematic Capture Binary File Version 5.0|MINORVERSION=2|UNIQUEID=XECHBHPK|WEIGHT=165|
RECORD=31|LINENO=   1|OWNERPARTID= -42|OWNERINDEX= -42|AREACOLOR=16317695|BOLD9=T|BORDERON=T|CUSTOMMARGINWIDTH=10|CUSTOMX=1520|CUSTOMXZONES=6|CUSTOMY=970|CUSTOMYZONES=4|DISPLAY_UNIT=0|FONTIDCOUNT=9|FONTNAME1=Times New Roman|FONTNAME2=Arial|FONTNAME3=Arial|FONTNAME4=Arial|FONTNAME5=Arial|FONTNAME6=Arial|FONTNAME7=Courier New|FONTNAME8=Arial|FONTNAME9=Courier New|HOTSPOTGRIDON=T|HOTSPOTGRIDSIZE=4|ISBOC=T|SHEETNUMBERSPACESIZE=12|SHEETSTYLE=5|SIZE1=10|SIZE2=14|SIZE3=12|SIZE4=10|SIZE5=16|SIZE6=22|SIZE7=16|SIZE8=33|SIZE9=22|SNAPGRIDON=T|SNAPGRIDSIZE=10|SYSTEMFONT=1|USECUSTOMSHEET=T|USEMBCS=T|VISIBLEGRIDON=T|VISIBLEGRIDSIZE=10|
RECORD=41|LINENO=   2|OWNERPARTID=   0|OWNERINDEX= -42|FONTID=1|ISHIDDEN=T|NAME=CurrentTime|TEXT=*|UNIQUEID=HKQGZHZO|
RECORD=41|LINENO=   3|OWNERPARTID=   0|OWNERINDEX= -42|FONTID=1|ISHIDDEN=T|NAME=CurrentDate|TEXT=*|UNIQUEID=TZBETZCC|
RECORD=41|LINENO=   4|OWNERPARTID=   0|OWNERINDEX= -42|FONTID=1|ISHIDDEN=T|NAME=Time|TEXT=*|UNIQUEID=GSZWVMOG|
RECORD=41|LINENO=   5|OWNERPARTID=   0|OWNERINDEX= -42|FONTID=1|ISHIDDEN=T|NAME=Date|TEXT=*|UNIQUEID=NZFARDNJ|
RECORD=41|LINENO=   6|OWNERPARTID=   0|OWNERINDEX= -42|FONTID=1|ISHIDDEN=T|NAME=DocumentFullPathAndName|TEXT=*|UNIQUEID=FODXPVKJ|
RECORD=41|LINENO=   7|OWNERPARTID=   0|OWNERINDEX= -42|FONTID=1|ISHIDDEN=T|NAME=DocumentName|TEXT=*|UNIQUEID=FSWLZSMX|
RECORD=41|LINENO=   8|OWNERPARTID=   0|OWNERINDEX= -42|FONTID=1|ISHIDDEN=T|NAME=ModifiedDate|TEXT=*|UNIQUEID=CZAJISPU|
RECORD=41|LINENO=   9|OWNERPARTID=   0|OWNERINDEX= -42|FONTID=1|ISHIDDEN=T|NAME=ApprovedBy|TEXT=*|UNIQUEID=VKSABZWQ|
RECORD=41|LINENO=  10|OWNERPARTID=   0|OWNERINDEX= -42|FONTID=1|ISHIDDEN=T|NAME=CheckedBy|TEXT=*|UNIQUEID=LSYFVENL|
RECORD=41|LINENO=  11|OWNERPARTID=   0|OWNERINDEX= -42|FONTID=1|ISHIDDEN=T|NAME=Author|TEXT=*|UNIQUEID=HQQCQDHU|
RECORD=41|LINENO=  12|OWNERPARTID=   0|OWNERINDEX= -42|FONTID=1|ISHIDDEN=T|NAME=CompanyName|TEXT=*|UNIQUEID=MHYRCEBN|
RECORD=41|LINENO=  13|OWNERPARTID=   0|OWNERINDEX= -42|FONTID=1|ISHIDDEN=T|NAME=DrawnBy|TEXT=*|UNIQUEID=YJCFCKHG|
RECORD=41|LINENO=  14|OWNERPARTID=   0|OWNERINDEX= -42|FONTID=1|ISHIDDEN=T|NAME=Engineer|TEXT=*|UNIQUEID=VFZHUHCX|
RECORD=41|LINENO=  15|OWNERPARTID=   0|OWNERINDEX= -42|FONTID=1|ISHIDDEN=T|NAME=Organization|TEXT=*|UNIQUEID=MPBRBMER|
RECORD=41|LINENO=  16|OWNERPARTID=   0|OWNERINDEX= -42|FONTID=1|ISHIDDEN=T|NAME=Address1|TEXT=*|UNIQUEID=CYNUBFNG|
RECORD=41|LINENO=  17|OWNERPARTID=   0|OWNERINDEX= -42|FONTID=1|ISHIDDEN=T|NAME=Address2|TEXT=*|UNIQUEID=RLGMCIIX|
RECORD=41|LINENO=  18|OWNERPARTID=   0|OWNERINDEX= -42|FONTID=1|ISHIDDEN=T|NAME=Address3|TEXT=*|UNIQUEID=IKHKEAZF|
RECORD=41|LINENO=  19|OWNERPARTID=   0|OWNERINDEX= -42|FONTID=1|ISHIDDEN=T|NAME=Address4|TEXT=*|UNIQUEID=FAFMDJLL|
RECORD=41|LINENO=  20|OWNERPARTID=   0|OWNERINDEX= -42|FONTID=1|ISHIDDEN=T|NAME=Title|TEXT=*|UNIQUEID=EKCEWMEQ|
RECORD=41|LINENO=  21|OWNERPARTID=   0|OWNERINDEX= -42|FONTID=1|ISHIDDEN=T|NAME=DocumentNumber|TEXT=*|UNIQUEID=SSPJAPVE|
RECORD=41|LINENO=  22|OWNERPARTID=   0|OWNERINDEX= -42|FONTID=1|ISHIDDEN=T|NAME=Revision|TEXT=*|UNIQUEID=HDJRFTNC|
RECORD=41|LINENO=  23|OWNERPARTID=   0|OWNERINDEX= -42|FONTID=1|ISHIDDEN=T|NAME=SheetNumber|TEXT=*|UNIQUEID=YIPBABDH|
RECORD=41|LINENO=  24|OWNERPARTID=   0|OWNERINDEX= -42|FONTID=1|ISHIDDEN=T|NAME=SheetTotal|TEXT=*|UNIQUEID=AUHSFEAW|
RECORD=41|LINENO=  25|OWNERPARTID=   0|OWNERINDEX= -42|FONTID=1|ISHIDDEN=T|NAME=Rule|TEXT=*|UNIQUEID=GQSLKQEP|
RECORD=41|LINENO=  26|OWNERPARTID=   0|OWNERINDEX= -42|FONTID=1|ISHIDDEN=T|NAME=ImagePath|TEXT=*|UNIQUEID=EAFZATGL|
RECORD=41|LINENO=  27|OWNERPARTID=   0|OWNERINDEX= -42|FONTID=1|ISHIDDEN=T|NAME=ProjectName|TEXT=*|UNIQUEID=WAFOXDQQ|
RECORD=41|LINENO=  28|OWNERPARTID=   0|OWNERINDEX= -42|FONTID=1|ISHIDDEN=T|NAME=Application_BuildNumber|TEXT=*|UNIQUEID=PIJGICYC|
RECORD= 1|LINENO=  29|OWNERPARTID=   0|OWNERINDEX= -42|AREACOLOR=11599871|COMPONENTKIND=2|CURRENTPARTID=1|DESIGNITEMID=BeagleBoard_org|DISPLAYMODECOUNT=1|LIBRARYPATH=*|LIBREFERENCE=BeagleBoard_org|LOCATION.X=1080|LOCATION.Y=180|PARTCOUNT=2|PARTIDLOCKED=T|SHEETPARTFILENAME=*|SOURCELIBRARYNAME=*|TARGETFILENAME=*|UNIQUEID=GFFOEUHM|
RECORD=14|LINENO=  30|OWNERPARTID=   2|OWNERINDEX=  29|CORNER.X=1510|CORNER.Y=180|LINEWIDTH=1|LOCATION.X=1080|LOCATION.Y=100|
RECORD=14|LINENO=  31|OWNERPARTID=   2|OWNERINDEX=  29|CORNER.X=1510|CORNER.Y=100|LINEWIDTH=1|LOCATION.X=1080|LOCATION.Y=70|
RECORD=14|LINENO=  32|OWNERPARTID=   2|OWNERINDEX=  29|CORNER.X=1110|CORNER.Y=70|LINEWIDTH=1|LOCATION.X=1080|LOCATION.Y=30|
RECORD=14|LINENO=  33|OWNERPARTID=   2|OWNERINDEX=  29|CORNER.X=1480|CORNER.Y=70|LINEWIDTH=1|LOCATION.X=1110|LOCATION.Y=30|
RECORD=14|LINENO=  34|OWNERPARTID=   2|OWNERINDEX=  29|CORNER.X=1510|CORNER.Y=70|LINEWIDTH=1|LOCATION.X=1480|LOCATION.Y=30|
RECORD=14|LINENO=  35|OWNERPARTID=   2|OWNERINDEX=  29|CORNER.X=1350|CORNER.Y=30|LINEWIDTH=1|LOCATION.X=1080|LOCATION.Y=10|
RECORD=14|LINENO=  36|OWNERPARTID=   2|OWNERINDEX=  29|CORNER.X=1510|CORNER.Y=30|LINEWIDTH=1|LOCATION.X=1350|LOCATION.Y=10|
RECORD=30|LINENO=  37|OWNERPARTID=   2|OWNERINDEX=  29|CORNER.X=1412|CORNER.Y=170|CORNER.Y_FRAC=81848|EMBEDIMAGE=T|FILENAME=C:\Users\Programming\Documents\GitHub\GU-BBB-Schematics-Resources\Other Formats\beaglebone-black-master\ALLEGRO\Imported BEAGLEBONEBLK_C.PrjPcb\Image.bmp|KEEPASPECT=T|LOCATION.X=1110|LOCATION.Y=116|
RECORD= 4|LINENO=  38|OWNERPARTID=   2|OWNERINDEX=  29|FONTID=2|LOCATION.X=1080|LOCATION.Y=86|TEXT=Title|
RECORD= 4|LINENO=  39|OWNERPARTID=   2|OWNERINDEX=  29|FONTID=2|LOCATION.X=1080|LOCATION.Y=56|TEXT=Size|
RECORD= 4|LINENO=  40|OWNERPARTID=   2|OWNERINDEX=  29|FONTID=2|LOCATION.X=1120|LOCATION.Y=56|TEXT=Document Number|
RECORD= 4|LINENO=  41|OWNERPARTID=   2|OWNERINDEX=  29|FONTID=2|LOCATION.X=1480|LOCATION.Y=56|TEXT=Rev|
RECORD= 4|LINENO=  42|OWNERPARTID=   2|OWNERINDEX=  29|FONTID=2|LOCATION.X=1080|LOCATION.Y=16|TEXT=Date:|
RECORD= 4|LINENO=  43|OWNERPARTID=   2|OWNERINDEX=  29|FONTID=2|LOCATION.X=1350|LOCATION.Y=16|TEXT=Sheet|
RECORD= 4|LINENO=  44|OWNERPARTID=   2|OWNERINDEX=  29|FONTID=2|LOCATION.X=1430|LOCATION.Y=16|TEXT=of|
RECORD=41|LINENO=  45|OWNERPARTID=   2|OWNERINDEX=  29|FONTID=3|LOCATION.X=1450|LOCATION.Y=18|NAME=Page Count|NOTAUTOPOSITION=T|TEXT=11|UNIQUEID=XBHDKUFZ|
RECORD=41|LINENO=  46|OWNERPARTID=   2|OWNERINDEX=  29|FONTID=3|LOCATION.X=1400|LOCATION.Y=18|NAME=Page Number|NOTAUTOPOSITION=T|TEXT=1|UNIQUEID=SONKVRFS|
RECORD=41|LINENO=  47|OWNERPARTID=   2|OWNERINDEX=  29|FONTID=4|LOCATION.X=1090|LOCATION.Y=40|NAME=Page Size|NOTAUTOPOSITION=T|TEXT=A|UNIQUEID=OZKOSYTX|
RECORD=41|LINENO=  48|OWNERPARTID=   2|OWNERINDEX=  29|FONTID=3|LOCATION.X=1120|LOCATION.Y=78|NAME=Title|NOTAUTOPOSITION=T|TEXT=BeagleBone Black Cover Page|UNIQUEID=YIPLPDXR|
RECORD=41|LINENO=  49|OWNERPARTID=   2|OWNERINDEX=  29|FONTID=4|LOCATION.X=1484|LOCATION.Y=44|NAME=RevCode|NOTAUTOPOSITION=T|TEXT=C|UNIQUEID=MJJYQEJE|
RECORD=41|LINENO=  50|OWNERPARTID=   2|OWNERINDEX=  29|FONTID=3|LOCATION.X=1130|LOCATION.Y=38|NAME=Doc|NOTAUTOPOSITION=T|TEXT=450-5500-001|UNIQUEID=HDOSZSLK|
RECORD=41|LINENO=  51|OWNERPARTID=   2|OWNERINDEX=  29|FONTID=1|ISHIDDEN=T|LOCATION.X=1080|LOCATION.Y=180|NAME=Page Create Date|NOTAUTOPOSITION=T|TEXT=March  8, 1995|UNIQUEID=JICPCBBY|
RECORD=41|LINENO=  52|OWNERPARTID=   2|OWNERINDEX=  29|FONTID=3|LOCATION.X=1120|LOCATION.Y=18|NAME=Page Modify Date|NOTAUTOPOSITION=T|TEXT==Date|UNIQUEID=HKFCFTKO|
RECORD=41|LINENO=  53|OWNERPARTID=   2|OWNERINDEX=  29|FONTID=1|ISHIDDEN=T|NAME=Cage Code|NOTAUTOPOSITION=T|UNIQUEID=DNLPACRI|
RECORD=41|LINENO=  54|OWNERPARTID=   2|OWNERINDEX=  29|FONTID=1|ISHIDDEN=T|NAME=OrgName|NOTAUTOPOSITION=T|UNIQUEID=DZWZVDHG|
RECORD=41|LINENO=  55|OWNERPARTID=   2|OWNERINDEX=  29|FONTID=1|ISHIDDEN=T|NAME=OrgAddr1|NOTAUTOPOSITION=T|UNIQUEID=OWVFYLYC|
RECORD=41|LINENO=  56|OWNERPARTID=   2|OWNERINDEX=  29|FONTID=1|ISHIDDEN=T|NAME=OrgAddr2|NOTAUTOPOSITION=T|UNIQUEID=ABVCHYHC|
RECORD=41|LINENO=  57|OWNERPARTID=   2|OWNERINDEX=  29|FONTID=1|ISHIDDEN=T|NAME=OrgAddr3|NOTAUTOPOSITION=T|UNIQUEID=BCWNIRKU|
RECORD=41|LINENO=  58|OWNERPARTID=   2|OWNERINDEX=  29|FONTID=1|ISHIDDEN=T|NAME=OrgAddr4|NOTAUTOPOSITION=T|UNIQUEID=IXLYGQVL|
RECORD=34|LINENO=  59|OWNERPARTID=   0|OWNERINDEX=  29|FONTID=1|ISHIDDEN=T|LOCATION.X=1080|NAME=Designator|TEXT=*|UNIQUEID=ZNDGHNCG|
RECORD=41|LINENO=  60|OWNERPARTID=   0|OWNERINDEX=  29|FONTID=1|ISHIDDEN=T|LOCATION.X=1080|LOCATION.Y=180|NAME=Comment|TEXT=BeagleBoard_org|UNIQUEID=COAQPNPU|
RECORD=44|LINENO=  61|OWNERPARTID= -42|OWNERINDEX=  29|
RECORD=13|LINENO=  62|OWNERPARTID=   0|OWNERINDEX= -42|CORNER.X=1432|CORNER.Y=594|LINEWIDTH=2|LOCATION.X=862|LOCATION.Y=594|
RECORD=13|LINENO=  63|OWNERPARTID=   0|OWNERINDEX= -42|CORNER.X=1432|CORNER.Y=624|LINEWIDTH=2|LOCATION.X=862|LOCATION.Y=624|
RECORD=13|LINENO=  64|OWNERPARTID=   0|OWNERINDEX= -42|CORNER.X=1432|CORNER.Y=564|LINEWIDTH=2|LOCATION.X=862|LOCATION.Y=564|
RECORD=13|LINENO=  65|OWNERPARTID=   0|OWNERINDEX= -42|CORNER.X=1432|CORNER.Y=654|LINEWIDTH=2|LOCATION.X=862|LOCATION.Y=654|
RECORD=14|LINENO=  66|OWNERPARTID=   0|OWNERINDEX= -42|CORNER.X=1436|CORNER.Y=870|LINEWIDTH=2|LOCATION.X=862|LOCATION.Y=504|
RECORD=13|LINENO=  67|OWNERPARTID=   0|OWNERINDEX= -42|CORNER.X=980|CORNER.Y=510|LINEWIDTH=2|LOCATION.X=980|LOCATION.Y=870|
RECORD=13|LINENO=  68|OWNERPARTID=   0|OWNERINDEX= -42|CORNER.X=1432|CORNER.Y=774|LINEWIDTH=2|LOCATION.X=862|LOCATION.Y=774|
RECORD=13|LINENO=  69|OWNERPARTID=   0|OWNERINDEX= -42|CORNER.X=1432|CORNER.Y=714|LINEWIDTH=2|LOCATION.X=862|LOCATION.Y=714|
RECORD=13|LINENO=  70|OWNERPARTID=   0|OWNERINDEX= -42|CORNER.X=1432|CORNER.Y=684|LINEWIDTH=2|LOCATION.X=862|LOCATION.Y=684|
RECORD=13|LINENO=  71|OWNERPARTID=   0|OWNERINDEX= -42|CORNER.X=1432|CORNER.Y=744|LINEWIDTH=2|LOCATION.X=862|LOCATION.Y=744|
RECORD=13|LINENO=  72|OWNERPARTID=   0|OWNERINDEX= -42|CORNER.X=1432|CORNER.Y=804|LINEWIDTH=2|LOCATION.X=862|LOCATION.Y=804|
RECORD=13|LINENO=  73|OWNERPARTID=   0|OWNERINDEX= -42|CORNER.X=1432|CORNER.Y=834|LINEWIDTH=2|LOCATION.X=862|LOCATION.Y=834|
RECORD=13|LINENO=  74|OWNERPARTID=   0|OWNERINDEX= -42|CORNER.X=1432|CORNER.Y=534|LINEWIDTH=2|LOCATION.X=862|LOCATION.Y=534|
RECORD=13|LINENO=  75|OWNERPARTID=   0|OWNERINDEX= -42|CORNER.X=784|CORNER.Y=840|LINEWIDTH=2|LOCATION.X=30|LOCATION.Y=840|
RECORD=13|LINENO=  76|OWNERPARTID=   0|OWNERINDEX= -42|CORNER.X=786|CORNER.Y=922|LINEWIDTH=2|LOCATION.X=31|LOCATION.Y=922|
RECORD=13|LINENO=  77|OWNERPARTID=   0|OWNERINDEX= -42|CORNER.X=786|CORNER.Y=881|LINEWIDTH=2|LOCATION.X=29|LOCATION.Y=881|
RECORD=13|LINENO=  78|OWNERPARTID=   0|OWNERINDEX= -42|CORNER.X=720|CORNER.Y=247|LINEWIDTH=2|LOCATION.X=720|LOCATION.Y=955|
RECORD=14|LINENO=  79|OWNERPARTID=   0|OWNERINDEX= -42|CORNER.X=786|CORNER.Y=953|LINEWIDTH=2|LOCATION.X=30|LOCATION.Y=247|
RECORD=13|LINENO=  80|OWNERPARTID=   0|OWNERINDEX= -42|CORNER.X=639|CORNER.Y=247|LINEWIDTH=2|LOCATION.X=639|LOCATION.Y=951|
RECORD=13|LINENO=  81|OWNERPARTID=   0|OWNERINDEX= -42|CORNER.X=79|CORNER.Y=246|LINEWIDTH=2|LOCATION.X=81|LOCATION.Y=954|
RECORD=13|LINENO=  82|OWNERPARTID=   0|OWNERINDEX= -42|CORNER.X=786|CORNER.Y=580|LINEWIDTH=2|LOCATION.X=30|LOCATION.Y=580|
RECORD=13|LINENO=  83|OWNERPARTID=   0|OWNERINDEX= -42|CORNER.X=784|CORNER.Y=640|LINEWIDTH=2|LOCATION.X=30|LOCATION.Y=640|
RECORD=13|LINENO=  84|OWNERPARTID=   0|OWNERINDEX= -42|CORNER.X=786|CORNER.Y=530|LINEWIDTH=2|LOCATION.X=30|LOCATION.Y=530|
RECORD=13|LINENO=  85|OWNERPARTID=   0|OWNERINDEX= -42|CORNER.X=786|CORNER.Y=420|LINEWIDTH=2|LOCATION.X=30|LOCATION.Y=420|
RECORD=13|LINENO=  86|OWNERPARTID=   0|OWNERINDEX= -42|CORNER.X=786|CORNER.Y=340|LINEWIDTH=2|LOCATION.X=30|LOCATION.Y=340|
RECORD=13|LINENO=  87|OWNERPARTID=   0|OWNERINDEX= -42|CORNER.X=786|CORNER.Y=300|LINEWIDTH=2|LOCATION.X=30|LOCATION.Y=300|
RECORD= 4|LINENO=  88|OWNERPARTID=   0|OWNERINDEX= -42|FONTID=5|LOCATION.X=912|LOCATION.Y=598|TEXT=8|
RECORD= 4|LINENO=  89|OWNERPARTID=   0|OWNERINDEX= -42|FONTID=5|LOCATION.X=912|LOCATION.Y=808|TEXT=1|
RECORD= 4|LINENO=  90|OWNERPARTID=   0|OWNERINDEX= -42|FONTID=5|LOCATION.X=1002|LOCATION.Y=598|TEXT=eMMC FLASH|
RECORD= 4|LINENO=  91|OWNERPARTID=   0|OWNERINDEX= -42|FONTID=5|LOCATION.X=912|LOCATION.Y=568|TEXT=9|
RECORD= 4|LINENO=  92|OWNERPARTID=   0|OWNERINDEX= -42|FONTID=5|LOCATION.X=912|LOCATION.Y=748|TEXT=3|
RECORD= 4|LINENO=  93|OWNERPARTID=   0|OWNERINDEX= -42|FONTID=5|LOCATION.X=912|LOCATION.Y=778|TEXT=2|
RECORD= 4|LINENO=  94|OWNERPARTID=   0|OWNERINDEX= -42|FONTID=5|LOCATION.X=1002|LOCATION.Y=538|TEXT=HDMI FRAMER|
RECORD= 4|LINENO=  95|OWNERPARTID=   0|OWNERINDEX= -42|FONTID=5|LOCATION.X=1002|LOCATION.Y=568|TEXT=10/100 ETHERNET|
RECORD= 4|LINENO=  96|OWNERPARTID=   0|OWNERINDEX= -42|FONTID=5|LOCATION.X=905|LOCATION.Y=538|TEXT=10|
RECORD= 4|LINENO=  97|OWNERPARTID=   0|OWNERINDEX= -42|FONTID=5|LOCATION.X=1002|LOCATION.Y=628|TEXT=DDR3 MEMORY|
RECORD= 4|LINENO=  98|OWNERPARTID=   0|OWNERINDEX= -42|FONTID=5|LOCATION.X=1002|LOCATION.Y=718|TEXT=PROCESSOR 2 OF 3, UAB PORTS|
RECORD= 4|LINENO=  99|OWNERPARTID=   0|OWNERINDEX= -42|FONTID=5|LOCATION.X=912|LOCATION.Y=628|TEXT=7|
RECORD= 4|LINENO= 100|OWNERPARTID=   0|OWNERINDEX= -42|FONTID=5|LOCATION.X=1002|LOCATION.Y=658|TEXT=LED, CONFIGURATION AND BUTTON|
RECORD= 4|LINENO= 101|OWNERPARTID=   0|OWNERINDEX= -42|FONTID=6|LOCATION.X=1082|LOCATION.Y=842|TEXT=SCHEMATIC PAGE|
RECORD= 4|LINENO= 102|OWNERPARTID=   0|OWNERINDEX= -42|FONTID=6|LOCATION.X=872|LOCATION.Y=842|TEXT=PAGE NO.|
RECORD= 4|LINENO= 103|OWNERPARTID=   0|OWNERINDEX= -42|FONTID=5|LOCATION.X=1002|LOCATION.Y=688|TEXT=PROCESSOR 3 OF 3|
RECORD= 4|LINENO= 104|OWNERPARTID=   0|OWNERINDEX= -42|FONTID=5|LOCATION.X=1002|LOCATION.Y=748|TEXT=PROCESSOR 1 OF 3, JTAG HEADER|
RECORD= 4|LINENO= 105|OWNERPARTID=   0|OWNERINDEX= -42|FONTID=5|LOCATION.X=912|LOCATION.Y=718|TEXT=4|
RECORD= 4|LINENO= 106|OWNERPARTID=   0|OWNERINDEX= -42|FONTID=5|LOCATION.X=1002|LOCATION.Y=778|TEXT=POWER MANAGEMENT|
RECORD= 4|LINENO= 107|OWNERPARTID=   0|OWNERINDEX= -42|FONTID=5|LOCATION.X=912|LOCATION.Y=688|TEXT=5|
RECORD= 4|LINENO= 108|OWNERPARTID=   0|OWNERINDEX= -42|FONTID=5|LOCATION.X=1002|LOCATION.Y=808|TEXT=COVER PAGE|
RECORD= 4|LINENO= 109|OWNERPARTID=   0|OWNERINDEX= -42|FONTID=5|LOCATION.X=912|LOCATION.Y=658|TEXT=6|
RECORD=28|LINENO= 110|OWNERPARTID=   0|OWNERINDEX= -42|%UTF8%TEXT=This schematic is  *NOT SUPPORTED* and DOES NOT constitute~1a reference design. Only ‚Äúcommunity‚Äù support is allowed~1via resources at BeagleBoard.org/discuss. ~1~1THERE IS NO WARRANTY FOR THIS DESIGN , TO THE EXTENT~1PERMITTED BY APPLICABLE LAW. EXCEPT WHEN OTHERWISE STATED~1IN WRITING THE COPYRIGHT HOLDERS AND/OR OTHER PARTIES~1PROVIDE THE DESIGN ‚ÄúAS IS‚Äù WITHOUT WARRANTY OF ANY KIND,~1EITHER EXPRESSED OR IMPLIED, INCLUDING, BUT NOT LIMITED~1TO, THE IMPLIED WARRANTIES OF MERCHANTABILITY AND FITNESS~1FOR A PARTICULAR PURPOSE. THE ENTIRE RISK AS TO THE~1QUALITY AND PERFORMANCE OF THE DESIGN IS WITH YOU. SHOULD~1THE DESIGN PROVE DEFECTIVE, YOU ASSUME THE COST OF ALL~1NECESSARY SERVICING, REPAIR OR CORRECTION.~1~1|ALIGNMENT=1|AREACOLOR=16777215|CLIPTORECT=T|CORNER.X=655|CORNER.Y=10|FONTID=7|LOCATION.X=70|LOCATION.Y=250|TEXT=This schematic is  *NOT SUPPORTED* and DOES NOT constitute~1a reference design. Only ìcommunityî support is allowed~1via resources at BeagleBoard.org/discuss. ~1~1THERE IS NO WARRANTY FOR THIS DESIGN , TO THE EXTENT~1PERMITTED BY APPLICABLE LAW. EXCEPT WHEN OTHERWISE STATED~1IN WRITING THE COPYRIGHT HOLDERS AND/OR OTHER PARTIES~1PROVIDE THE DESIGN ìAS ISî WITHOUT WARRANTY OF ANY KIND,~1EITHER EXPRESSED OR IMPLIED, INCLUDING, BUT NOT LIMITED~1TO, THE IMPLIED WARRANTIES OF MERCHANTABILITY AND FITNESS~1FOR A PARTICULAR PURPOSE. THE ENTIRE RISK AS TO THE~1QUALITY AND PERFORMANCE OF THE DESIGN IS WITH YOU. SHOULD~1THE DESIGN PROVE DEFECTIVE, YOU ASSUME THE COST OF ALL~1NECESSARY SERVICING, REPAIR OR CORRECTION.~1~1|TEXTCOLOR=255|TEXTMARGIN_FRAC=5|WORDWRAP=T|
RECORD= 4|LINENO= 111|OWNERPARTID=   0|OWNERINDEX= -42|FONTID=5|LOCATION.X=905|LOCATION.Y=508|TEXT=11|
RECORD= 4|LINENO= 112|OWNERPARTID=   0|OWNERINDEX= -42|FONTID=5|LOCATION.X=1002|LOCATION.Y=508|TEXT=EXP CONN, uSD|
RECORD= 4|LINENO= 113|OWNERPARTID=   0|OWNERINDEX= -42|FONTID=8|LOCATION.X=850|LOCATION.Y=337|TEXT=NOTE: PCB Revision for this board is Rev B6|
RECORD= 4|LINENO= 114|OWNERPARTID=   0|OWNERINDEX= -42|FONTID=9|LOCATION.X=37|LOCATION.Y=927|TEXT=REV|
RECORD= 4|LINENO= 115|OWNERPARTID=   0|OWNERINDEX= -42|FONTID=9|LOCATION.X=733|LOCATION.Y=929|TEXT=BY|
RECORD= 4|LINENO= 116|OWNERPARTID=   0|OWNERINDEX= -42|FONTID=9|LOCATION.X=294|LOCATION.Y=929|TEXT=Description|
RECORD= 4|LINENO= 117|OWNERPARTID=   0|OWNERINDEX= -42|FONTID=9|LOCATION.X=662|LOCATION.Y=928|TEXT=DATE|
RECORD= 4|LINENO= 118|OWNERPARTID=   0|OWNERINDEX= -42|FONTID=2|LOCATION.X=738|LOCATION.Y=897|TEXT=GC|
RECORD= 4|LINENO= 119|OWNERPARTID=   0|OWNERINDEX= -42|FONTID=2|LOCATION.X=651|LOCATION.Y=897|TEXT=11/19/2012|
RECORD= 4|LINENO= 120|OWNERPARTID=   0|OWNERINDEX= -42|FONTID=2|LOCATION.X=90|LOCATION.Y=896|TEXT=Initial production Release. |
RECORD= 4|LINENO= 121|OWNERPARTID=   0|OWNERINDEX= -42|FONTID=2|LOCATION.X=40|LOCATION.Y=896|TEXT=A4A|
RECORD= 4|LINENO= 122|OWNERPARTID=   0|OWNERINDEX= -42|FONTID=2|LOCATION.X=47|LOCATION.Y=848|TEXT=A5|
RECORD=28|LINENO= 123|OWNERPARTID=   0|OWNERINDEX= -42|ALIGNMENT=1|AREACOLOR=16777215|CLIPTORECT=T|CORNER.X=625|CORNER.Y=843|FONTID=2|LOCATION.X=90|LOCATION.Y=871|TEXT=On the initial production release the processors were to be found incorrect as supplied by TI.~1Parts while marked AM3359 were actually AM3352. This revision uses the correct parts.|TEXTMARGIN_FRAC=5|WORDWRAP=T|
RECORD= 4|LINENO= 124|OWNERPARTID=   0|OWNERINDEX= -42|FONTID=2|LOCATION.X=650|LOCATION.Y=856|TEXT=1/2/2013|
RECORD= 4|LINENO= 125|OWNERPARTID=   0|OWNERINDEX= -42|FONTID=2|LOCATION.X=739|LOCATION.Y=850|TEXT=GC|
RECORD= 4|LINENO= 126|OWNERPARTID=   0|OWNERINDEX= -42|FONTID=2|LOCATION.X=90|LOCATION.Y=817|TEXT=1. Deleted R29-R44 from the LCD lines.|
RECORD= 4|LINENO= 127|OWNERPARTID=   0|OWNERINDEX= -42|FONTID=2|LOCATION.X=90|LOCATION.Y=797|TEXT=2. Added 47pf capacitors C156-C173 to LCD data lines to ground.|
RECORD= 4|LINENO= 128|OWNERPARTID=   0|OWNERINDEX= -42|FONTID=2|LOCATION.X=90|LOCATION.Y=777|TEXT=3. Changed schematic revision to A5A.|
RECORD= 4|LINENO= 129|OWNERPARTID=   0|OWNERINDEX= -42|FONTID=2|LOCATION.X=40|LOCATION.Y=726|TEXT=A5A|
RECORD= 4|LINENO= 130|OWNERPARTID=   0|OWNERINDEX= -42|FONTID=2|LOCATION.X=90|LOCATION.Y=756|TEXT=4. Changed a few footprints after PCB update for above changes.|
RECORD= 4|LINENO= 131|OWNERPARTID=   0|OWNERINDEX= -42|FONTID=2|LOCATION.X=90|LOCATION.Y=736|TEXT=5. Added access point for the battery function of the TPS65217C.|
RECORD= 4|LINENO= 132|OWNERPARTID=   0|OWNERINDEX= -42|FONTID=2|LOCATION.X=650|LOCATION.Y=726|TEXT=2/8/2013|
RECORD= 4|LINENO= 133|OWNERPARTID=   0|OWNERINDEX= -42|FONTID=2|LOCATION.X=740|LOCATION.Y=726|TEXT=GC|
RECORD=28|LINENO= 134|OWNERPARTID=   0|OWNERINDEX= -42|ALIGNMENT=1|AREACOLOR=16777215|CLIPTORECT=T|CORNER.X=618|CORNER.Y=672|FONTID=2|LOCATION.X=90|LOCATION.Y=700|TEXT=7. Added power button to enable sleep, wakeup, power down and power up  features on the~1system.|TEXTMARGIN_FRAC=5|WORDWRAP=T|
RECORD=28|LINENO= 135|OWNERPARTID=   0|OWNERINDEX= -42|ALIGNMENT=1|AREACOLOR=16777215|CLIPTORECT=T|CORNER.X=572|CORNER.Y=702|FONTID=2|LOCATION.X=90|LOCATION.Y=730|TEXT=6. Added Ferrite beads in series with LED power and 5V power rail of the USB host~1connector. Required to pass FCC/CE testing due to noise emissions on that pin.|TEXTMARGIN_FRAC=5|WORDWRAP=T|
RECORD= 4|LINENO= 136|OWNERPARTID=   0|OWNERINDEX= -42|FONTID=2|LOCATION.X=40|LOCATION.Y=606|TEXT=A5B|
RECORD=28|LINENO= 137|OWNERPARTID=   0|OWNERINDEX= -42|ALIGNMENT=1|AREACOLOR=16777215|CLIPTORECT=T|CORNER.X=539|CORNER.Y=588|FONTID=2|LOCATION.X=90|LOCATION.Y=630|TEXT=1. Added 100K pulldown on J1 pin 4 to prevent crosstalk when serial cable is ~1not connected into PCB layout.~12. Changed the LED resistors to 4.75K to lower the brightness.|TEXTMARGIN_FRAC=5|WORDWRAP=T|
RECORD= 4|LINENO= 138|OWNERPARTID=   0|OWNERINDEX= -42|FONTID=2|LOCATION.X=650|LOCATION.Y=606|TEXT=5/21/2013|
RECORD=28|LINENO= 139|OWNERPARTID=   0|OWNERINDEX= -42|ALIGNMENT=1|AREACOLOR=16777215|CLIPTORECT=T|CORNER.X=605|CORNER.Y=642|FONTID=2|LOCATION.X=90|LOCATION.Y=670|TEXT=8. Added Modification to add 100K ohm resistor to ground to prvent crosstalk when serial~1cable is not plugged in.|TEXTMARGIN_FRAC=5|WORDWRAP=T|
RECORD= 4|LINENO= 140|OWNERPARTID=   0|OWNERINDEX= -42|FONTID=2|LOCATION.X=740|LOCATION.Y=606|TEXT=GC|
RECORD= 4|LINENO= 141|OWNERPARTID=   0|OWNERINDEX= -42|FONTID=2|LOCATION.X=40|LOCATION.Y=556|TEXT=A5C|
RECORD= 4|LINENO= 142|OWNERPARTID=   0|OWNERINDEX= -42|FONTID=2|LOCATION.X=650|LOCATION.Y=546|TEXT=6/12/2013|
RECORD= 4|LINENO= 143|OWNERPARTID=   0|OWNERINDEX= -42|FONTID=2|LOCATION.X=740|LOCATION.Y=546|TEXT=GC|
RECORD=28|LINENO= 144|OWNERPARTID=   0|OWNERINDEX= -42|ALIGNMENT=1|AREACOLOR=16777215|CLIPTORECT=T|CORNER.X=644|CORNER.Y=538|FONTID=2|LOCATION.X=90|LOCATION.Y=580|TEXT=1. Changed R46, R47,R48 to 0 ohms.~12. Changed R45 to 22 Ohms.~1Change was made due to production failures on some boards due to differences in impedances.|TEXTMARGIN_FRAC=5|WORDWRAP=T|
RECORD= 4|LINENO= 145|OWNERPARTID=   0|OWNERINDEX= -42|FONTID=2|LOCATION.X=40|LOCATION.Y=466|TEXT=A6|
RECORD=28|LINENO= 146|OWNERPARTID=   0|OWNERINDEX= -42|ALIGNMENT=1|AREACOLOR=16777215|CLIPTORECT=T|CORNER.X=609|CORNER.Y=492|FONTID=2|LOCATION.X=90|LOCATION.Y=520|TEXT=1. Moved the enable for the VDD_3V3B regulator to VDD_3V3A rail. Change was made to~1reduce the delay between the ramp up of the 3.3V rails.|TEXTMARGIN_FRAC=5|WORDWRAP=T|
RECORD= 4|LINENO= 147|OWNERPARTID=   0|OWNERINDEX= -42|FONTID=2|LOCATION.X=650|LOCATION.Y=466|TEXT=7/25/2013|
RECORD= 4|LINENO= 148|OWNERPARTID=   0|OWNERINDEX= -42|FONTID=2|LOCATION.X=740|LOCATION.Y=466|TEXT=GC|
RECORD=28|LINENO= 149|OWNERPARTID=   0|OWNERINDEX= -42|ALIGNMENT=1|AREACOLOR=16777215|CLIPTORECT=T|CORNER.X=639|CORNER.Y=448|FONTID=2|LOCATION.X=90|LOCATION.Y=490|TEXT=2. Added a AND gate to the SYS_RESETn circuitry. There is a small chance that on power up~1the nRESETOUT signal on the processor may go high, causing the SYS_RESETn signal to go~1HI before it should. This change reenforces the reset with the PORZn reset  signal.|TEXTMARGIN_FRAC=5|WORDWRAP=T|
RECORD= 4|LINENO= 150|OWNERPARTID=   0|OWNERINDEX= -42|FONTID=2|LOCATION.X=90|LOCATION.Y=436|TEXT=3. Added optional zero ohm resistor to tie GND_OSC0 to system ground.|
RECORD= 4|LINENO= 151|OWNERPARTID=   0|OWNERINDEX= -42|FONTID=2|LOCATION.X=40|LOCATION.Y=376|TEXT=A6A|
RECORD= 4|LINENO= 152|OWNERPARTID=   0|OWNERINDEX= -42|FONTID=2|LOCATION.X=746|LOCATION.Y=387|TEXT=GC|
RECORD= 4|LINENO= 153|OWNERPARTID=   0|OWNERINDEX= -42|FONTID=2|LOCATION.X=650|LOCATION.Y=386|TEXT=12/13/2013|
RECORD= 4|LINENO= 154|OWNERPARTID=   0|OWNERINDEX= -42|FONTID=2|LOCATION.X=90|LOCATION.Y=406|TEXT=1. Added optional zero ohm resistor to tie GND_OSC1 to system ground.|
RECORD= 4|LINENO= 155|OWNERPARTID=   0|OWNERINDEX= -42|FONTID=2|LOCATION.X=90|LOCATION.Y=386|TEXT=2. Changed C106 to a 1uF capacitor.|
RECORD= 4|LINENO= 156|OWNERPARTID=   0|OWNERINDEX= -42|FONTID=2|LOCATION.X=90|LOCATION.Y=366|TEXT=3. Changed C24 to a  2.2uF capacitor.|
RECORD= 4|LINENO= 157|OWNERPARTID=   0|OWNERINDEX= -42|FONTID=2|LOCATION.X=40|LOCATION.Y=316|TEXT=B|
RECORD= 4|LINENO= 158|OWNERPARTID=   0|OWNERINDEX= -42|FONTID=2|LOCATION.X=80|LOCATION.Y=316|TEXT=1.Changed the processor to the AM3358BZCZ100.|
RECORD= 4|LINENO= 159|OWNERPARTID=   0|OWNERINDEX= -42|FONTID=2|LOCATION.X=650|LOCATION.Y=316|TEXT=1/20/2014|
RECORD= 4|LINENO= 160|OWNERPARTID=   0|OWNERINDEX= -42|FONTID=2|LOCATION.X=740|LOCATION.Y=316|TEXT=GC|
RECORD= 4|LINENO= 161|OWNERPARTID=   0|OWNERINDEX= -42|FONTID=2|LOCATION.X=90|LOCATION.Y=346|TEXT=4. Made R8 installed and R9 not installed.|
RECORD= 4|LINENO= 162|OWNERPARTID=   0|OWNERINDEX= -42|FONTID=2|LOCATION.X=40|LOCATION.Y=266|TEXT=C|
RECORD= 4|LINENO= 163|OWNERPARTID=   0|OWNERINDEX= -42|FONTID=2|LOCATION.X=650|LOCATION.Y=266|TEXT=3/21/2014|
RECORD= 4|LINENO= 164|OWNERPARTID=   0|OWNERINDEX= -42|FONTID=2|LOCATION.X=740|LOCATION.Y=266|TEXT=GC|
RECORD= 4|LINENO= 165|OWNERPARTID=   0|OWNERINDEX= -42|FONTID=2|LOCATION.X=90|LOCATION.Y=266|TEXT=1.Increased the eMMC from 2GB to 4GB.|
